  Main.cpp
c:\users\eric\source\repos\codingpractice\codingpractice\main.cpp(383): warning C4018: '<': signed/unsigned mismatch
c:\users\eric\source\repos\codingpractice\codingpractice\main.cpp(397): warning C4018: '<': signed/unsigned mismatch
c:\users\eric\source\repos\codingpractice\codingpractice\main.cpp(405): warning C4018: '<': signed/unsigned mismatch
c:\users\eric\source\repos\codingpractice\codingpractice\main.cpp(439): warning C4018: '<': signed/unsigned mismatch
c:\users\eric\source\repos\codingpractice\codingpractice\main.cpp(522): warning C4018: '<': signed/unsigned mismatch
c:\users\eric\source\repos\codingpractice\codingpractice\main.cpp(521): warning C4101: 'i': unreferenced local variable
c:\users\eric\source\repos\codingpractice\codingpractice\main.cpp(584): warning C4018: '<': signed/unsigned mismatch
c:\users\eric\source\repos\codingpractice\codingpractice\main.cpp(585): warning C4018: '<': signed/unsigned mismatch
c:\users\eric\source\repos\codingpractice\codingpractice\main.cpp(766): warning C4018: '<': signed/unsigned mismatch
c:\users\eric\source\repos\codingpractice\codingpractice\main.cpp(783): warning C4018: '<': signed/unsigned mismatch
c:\users\eric\source\repos\codingpractice\codingpractice\main.cpp(859): warning C4805: '&': unsafe mix of type 'int' and type 'bool' in operation
c:\users\eric\source\repos\codingpractice\codingpractice\main.cpp(861): warning C4805: '&': unsafe mix of type 'int' and type 'bool' in operation
c:\users\eric\source\repos\codingpractice\codingpractice\main.cpp(872): warning C4018: '<': signed/unsigned mismatch
c:\users\eric\source\repos\codingpractice\codingpractice\main.cpp(882): warning C4018: '<': signed/unsigned mismatch
c:\users\eric\source\repos\codingpractice\codingpractice\main.cpp(891): warning C4018: '<': signed/unsigned mismatch
c:\users\eric\source\repos\codingpractice\codingpractice\main.cpp(893): warning C4018: '<': signed/unsigned mismatch
c:\users\eric\source\repos\codingpractice\codingpractice\main.cpp(908): warning C4018: '<': signed/unsigned mismatch
c:\users\eric\source\repos\codingpractice\codingpractice\main.cpp(916): warning C4018: '<': signed/unsigned mismatch
  CodingPractice.vcxproj -> C:\Users\Eric\source\repos\CodingPractice\Debug\CodingPractice.exe
